Error from server (Forbidden): error when creating "k8s/insecure-manifests/insecure-allclusterroletodefaultsa-pod.yaml": admission webhook "validation.gatekeeper.sh" denied the request: [restrict-wildcard-rbac] Binding to default ServiceAccount is forbidden: insecure-binding
--------------------------------
Error from server (Forbidden): error when creating "k8s/insecure-manifests/insecure-allclusterrolewildcardaccess-pod.yaml": admission webhook "validation.gatekeeper.sh" denied the request: [restrict-wildcard-rbac] Wildcard resources are not allowed in ClusterRole: insecure-cluster-admin-like
[restrict-wildcard-rbac] Wildcard verbs are not allowed in ClusterRole: insecure-cluster-admin-like
--------------------------------
Error from server (Forbidden): error when creating "k8s/insecure-manifests/insecure-alldangeroussysctl-pod.yaml": pods "insecure-sysctl" is forbidden: violates PodSecurity "restricted:latest": forbidden sysctls (net.ipv4.ip_forward), allowPrivilegeEscalation != false (container "app" must set securityContext.allowPrivilegeEscalation=false), unrestricted capabilities (container "app" must set securityContext.capabilities.drop=["ALL"]), runAsNonRoot != true (pod or container "app" must set securityContext.runAsNonRoot=true), seccompProfile (pod or container "app" must set securityContext.seccompProfile.type to "RuntimeDefault" or "Localhost")
--------------------------------
Error from server (Forbidden): error when creating "k8s/insecure-manifests/insecure-alldefaultsa-pod.yaml": pods "insecure-default-sa" is forbidden: violates PodSecurity "restricted:latest": allowPrivilegeEscalation != false (container "app" must set securityContext.allowPrivilegeEscalation=false), unrestricted capabilities (container "app" must set securityContext.capabilities.drop=["ALL"]), runAsNonRoot != true (pod or container "app" must set securityContext.runAsNonRoot=true), seccompProfile (pod or container "app" must set securityContext.seccompProfile.type to "RuntimeDefault" or "Localhost")
--------------------------------
Error from server (Forbidden): error when creating "k8s/insecure-manifests/insecure-alldropnocap.yaml": pods "insecure-no-cap-drop" is forbidden: violates PodSecurity "restricted:latest": allowPrivilegeEscalation != false (container "app" must set securityContext.allowPrivilegeEscalation=false), unrestricted capabilities (container "app" must set securityContext.capabilities.drop=["ALL"]; container "app" must not include "NET_ADMIN" in securityContext.capabilities.add), runAsNonRoot != true (pod or container "app" must set securityContext.runAsNonRoot=true), seccompProfile (pod or container "app" must set securityContext.seccompProfile.type to "RuntimeDefault" or "Localhost")
--------------------------------
Error from server (Forbidden): error when creating "k8s/insecure-manifests/insecure-allhostnetenab-pods.yaml": pods "insecure-hostnetwork" is forbidden: violates PodSecurity "restricted:latest": host namespaces (hostNetwork=true), allowPrivilegeEscalation != false (container "app" must set securityContext.allowPrivilegeEscalation=false), unrestricted capabilities (container "app" must set securityContext.capabilities.drop=["ALL"]), runAsNonRoot != true (pod or container "app" must set securityContext.runAsNonRoot=true), seccompProfile (pod or container "app" must set securityContext.seccompProfile.type to "RuntimeDefault" or "Localhost")
--------------------------------
Error from server (Forbidden): error when creating "k8s/insecure-manifests/insecure-allhostpathmount-pods.yaml": pods "insecure-hostpath-root" is forbidden: violates PodSecurity "restricted:latest": allowPrivilegeEscalation != false (container "app" must set securityContext.allowPrivilegeEscalation=false), unrestricted capabilities (container "app" must set securityContext.capabilities.drop=["ALL"]), restricted volume types (volume "host-root" uses restricted volume type "hostPath"), runAsNonRoot != true (pod or container "app" must set securityContext.runAsNonRoot=true), seccompProfile (pod or container "app" must set securityContext.seccompProfile.type to "RuntimeDefault" or "Localhost")
--------------------------------
Error from server (Forbidden): error when creating "k8s/insecure-manifests/insecure-allhostpid-pods.yaml": pods "insecure-hostpid" is forbidden: violates PodSecurity "restricted:latest": host namespaces (hostPID=true), allowPrivilegeEscalation != false (container "app" must set securityContext.allowPrivilegeEscalation=false), unrestricted capabilities (container "app" must set securityContext.capabilities.drop=["ALL"]), runAsNonRoot != true (pod or container "app" must set securityContext.runAsNonRoot=true), seccompProfile (pod or container "app" must set securityContext.seccompProfile.type to "RuntimeDefault" or "Localhost")
--------------------------------
Error from server (Forbidden): error when creating "k8s/insecure-manifests/insecure-allimagepullpolicyalways-pod.yaml": pods "insecure-pull-always" is forbidden: violates PodSecurity "restricted:latest": allowPrivilegeEscalation != false (container "app" must set securityContext.allowPrivilegeEscalation=false), unrestricted capabilities (container "app" must set securityContext.capabilities.drop=["ALL"]), runAsNonRoot != true (pod or container "app" must set securityContext.runAsNonRoot=true), seccompProfile (pod or container "app" must set securityContext.seccompProfile.type to "RuntimeDefault" or "Localhost")
--------------------------------
Error from server (Forbidden): error when creating "k8s/insecure-manifests/insecure-alllatesttagusage-pod.yaml": pods "insecure-latest-tag" is forbidden: violates PodSecurity "restricted:latest": allowPrivilegeEscalation != false (container "app" must set securityContext.allowPrivilegeEscalation=false), unrestricted capabilities (container "app" must set securityContext.capabilities.drop=["ALL"]), runAsNonRoot != true (pod or container "app" must set securityContext.runAsNonRoot=true), seccompProfile (pod or container "app" must set securityContext.seccompProfile.type to "RuntimeDefault" or "Localhost")
--------------------------------
Error from server (Forbidden): error when creating "k8s/insecure-manifests/insecure-allnoresourcelimit.yaml": pods "insecure-no-limits" is forbidden: violates PodSecurity "restricted:latest": allowPrivilegeEscalation != false (container "app" must set securityContext.allowPrivilegeEscalation=false), unrestricted capabilities (container "app" must set securityContext.capabilities.drop=["ALL"]), runAsNonRoot != true (pod or container "app" must set securityContext.runAsNonRoot=true), seccompProfile (pod or container "app" must set securityContext.seccompProfile.type to "RuntimeDefault" or "Localhost")
--------------------------------
Error from server (Forbidden): error when creating "k8s/insecure-manifests/insecure-allnosecuritycontextatall-pod.yaml": pods "insecure-no-securitycontext" is forbidden: violates PodSecurity "restricted:latest": allowPrivilegeEscalation != false (container "app" must set securityContext.allowPrivilegeEscalation=false), unrestricted capabilities (container "app" must set securityContext.capabilities.drop=["ALL"]), runAsNonRoot != true (pod or container "app" must set securityContext.runAsNonRoot=true), seccompProfile (pod or container "app" must set securityContext.seccompProfile.type to "RuntimeDefault" or "Localhost")
--------------------------------
Error from server (Forbidden): error when creating "k8s/insecure-manifests/insecure-allprivesca-pods.yaml": pods "insecure-priv-escalation" is forbidden: violates PodSecurity "restricted:latest": allowPrivilegeEscalation != false (container "app" must set securityContext.allowPrivilegeEscalation=false), unrestricted capabilities (container "app" must set securityContext.capabilities.drop=["ALL"]), runAsNonRoot != true (pod or container "app" must set securityContext.runAsNonRoot=true), seccompProfile (pod or container "app" must set securityContext.seccompProfile.type to "RuntimeDefault" or "Localhost")
--------------------------------
Error from server (Forbidden): error when creating "k8s/insecure-manifests/insecure-allpublicuntrustedimage-pod.yaml": pods "insecure-untrusted-image" is forbidden: violates PodSecurity "restricted:latest": allowPrivilegeEscalation != false (container "app" must set securityContext.allowPrivilegeEscalation=false), unrestricted capabilities (container "app" must set securityContext.capabilities.drop=["ALL"]), runAsNonRoot != true (pod or container "app" must set securityContext.runAsNonRoot=true), seccompProfile (pod or container "app" must set securityContext.seccompProfile.type to "RuntimeDefault" or "Localhost")
--------------------------------
role.rbac.authorization.k8s.io/insecure-secret-reader created (server dry run)
--------------------------------
Error from server (Forbidden): error when creating "k8s/insecure-manifests/insecure-allrolewithsecretroletodefaultsa-pod.yaml": admission webhook "validation.gatekeeper.sh" denied the request: [restrict-wildcard-rbac] Binding to default ServiceAccount is forbidden: insecure-secret-binding
--------------------------------
Error from server (Forbidden): error when creating "k8s/insecure-manifests/insecure-allsys_adm-pods.yaml": pods "insecure-cap-sysadmin" is forbidden: violates PodSecurity "restricted:latest": allowPrivilegeEscalation != false (container "app" must set securityContext.allowPrivilegeEscalation=false), unrestricted capabilities (container "app" must set securityContext.capabilities.drop=["ALL"]; container "app" must not include "SYS_ADMIN" in securityContext.capabilities.add), runAsNonRoot != true (pod or container "app" must set securityContext.runAsNonRoot=true), seccompProfile (pod or container "app" must set securityContext.seccompProfile.type to "RuntimeDefault" or "Localhost")
--------------------------------
Error from server (Forbidden): error when creating "k8s/insecure-manifests/insecure-allwritablerootfilesystem-pod.yaml": pods "insecure-write-root" is forbidden: violates PodSecurity "restricted:latest": allowPrivilegeEscalation != false (container "app" must set securityContext.allowPrivilegeEscalation=false), unrestricted capabilities (container "app" must set securityContext.capabilities.drop=["ALL"]), runAsNonRoot != true (pod or container "app" must set securityContext.runAsNonRoot=true), seccompProfile (pod or container "app" must set securityContext.seccompProfile.type to "RuntimeDefault" or "Localhost")
--------------------------------
Error from server (Forbidden): error when creating "k8s/insecure-manifests/insecure-prirunasroot-pods.yaml": pods "insecure-run-as-root" is forbidden: violates PodSecurity "restricted:latest": allowPrivilegeEscalation != false (container "app" must set securityContext.allowPrivilegeEscalation=false), unrestricted capabilities (container "app" must set securityContext.capabilities.drop=["ALL"]), runAsNonRoot != true (pod or container "app" must set securityContext.runAsNonRoot=true), runAsUser=0 (container "app" must not set runAsUser=0), seccompProfile (pod or container "app" must set securityContext.seccompProfile.type to "RuntimeDefault" or "Localhost")
--------------------------------
Error from server (Forbidden): error when creating "k8s/insecure-manifests/insecure-privileged-pods.yaml": pods "privileged-test" is forbidden: violates PodSecurity "restricted:latest": privileged (container "nginx" must not set securityContext.privileged=true), allowPrivilegeEscalation != false (container "nginx" must set securityContext.allowPrivilegeEscalation=false), unrestricted capabilities (container "nginx" must set securityContext.capabilities.drop=["ALL"]), runAsNonRoot != true (pod or container "nginx" must set securityContext.runAsNonRoot=true), seccompProfile (pod or container "nginx" must set securityContext.seccompProfile.type to "RuntimeDefault" or "Localhost")
--------------------------------
error: the namespace from the provided object "baseline" does not match the namespace "hardened". You must pass '--namespace=baseline' to perform this operation.
--------------------------------
Error from server (Forbidden): error when creating "k8s/insecure-manifests/insecure-allclusterroletodefaultsa-pod.yaml": admission webhook "validation.gatekeeper.sh" denied the request: [restrict-wildcard-rbac] Binding to default ServiceAccount is forbidden: insecure-binding
--------------------------------
Error from server (Forbidden): error when creating "k8s/insecure-manifests/insecure-allclusterrolewildcardaccess-pod.yaml": admission webhook "validation.gatekeeper.sh" denied the request: [restrict-wildcard-rbac] Wildcard resources are not allowed in ClusterRole: insecure-cluster-admin-like
[restrict-wildcard-rbac] Wildcard verbs are not allowed in ClusterRole: insecure-cluster-admin-like
--------------------------------
Error from server (Forbidden): error when creating "k8s/insecure-manifests/insecure-alldangeroussysctl-pod.yaml": pods "insecure-sysctl" is forbidden: violates PodSecurity "restricted:latest": forbidden sysctls (net.ipv4.ip_forward), allowPrivilegeEscalation != false (container "app" must set securityContext.allowPrivilegeEscalation=false), unrestricted capabilities (container "app" must set securityContext.capabilities.drop=["ALL"]), runAsNonRoot != true (pod or container "app" must set securityContext.runAsNonRoot=true), seccompProfile (pod or container "app" must set securityContext.seccompProfile.type to "RuntimeDefault" or "Localhost")
--------------------------------
Error from server (Forbidden): error when creating "k8s/insecure-manifests/insecure-alldefaultsa-pod.yaml": pods "insecure-default-sa" is forbidden: violates PodSecurity "restricted:latest": allowPrivilegeEscalation != false (container "app" must set securityContext.allowPrivilegeEscalation=false), unrestricted capabilities (container "app" must set securityContext.capabilities.drop=["ALL"]), runAsNonRoot != true (pod or container "app" must set securityContext.runAsNonRoot=true), seccompProfile (pod or container "app" must set securityContext.seccompProfile.type to "RuntimeDefault" or "Localhost")
--------------------------------
Error from server (Forbidden): error when creating "k8s/insecure-manifests/insecure-alldropnocap.yaml": pods "insecure-no-cap-drop" is forbidden: violates PodSecurity "restricted:latest": allowPrivilegeEscalation != false (container "app" must set securityContext.allowPrivilegeEscalation=false), unrestricted capabilities (container "app" must set securityContext.capabilities.drop=["ALL"]; container "app" must not include "NET_ADMIN" in securityContext.capabilities.add), runAsNonRoot != true (pod or container "app" must set securityContext.runAsNonRoot=true), seccompProfile (pod or container "app" must set securityContext.seccompProfile.type to "RuntimeDefault" or "Localhost")
--------------------------------
Error from server (Forbidden): error when creating "k8s/insecure-manifests/insecure-allhostnetenab-pods.yaml": pods "insecure-hostnetwork" is forbidden: violates PodSecurity "restricted:latest": host namespaces (hostNetwork=true), allowPrivilegeEscalation != false (container "app" must set securityContext.allowPrivilegeEscalation=false), unrestricted capabilities (container "app" must set securityContext.capabilities.drop=["ALL"]), runAsNonRoot != true (pod or container "app" must set securityContext.runAsNonRoot=true), seccompProfile (pod or container "app" must set securityContext.seccompProfile.type to "RuntimeDefault" or "Localhost")
--------------------------------
Error from server (Forbidden): error when creating "k8s/insecure-manifests/insecure-allhostpathmount-pods.yaml": pods "insecure-hostpath-root" is forbidden: violates PodSecurity "restricted:latest": allowPrivilegeEscalation != false (container "app" must set securityContext.allowPrivilegeEscalation=false), unrestricted capabilities (container "app" must set securityContext.capabilities.drop=["ALL"]), restricted volume types (volume "host-root" uses restricted volume type "hostPath"), runAsNonRoot != true (pod or container "app" must set securityContext.runAsNonRoot=true), seccompProfile (pod or container "app" must set securityContext.seccompProfile.type to "RuntimeDefault" or "Localhost")
--------------------------------
Error from server (Forbidden): error when creating "k8s/insecure-manifests/insecure-allhostpid-pods.yaml": pods "insecure-hostpid" is forbidden: violates PodSecurity "restricted:latest": host namespaces (hostPID=true), allowPrivilegeEscalation != false (container "app" must set securityContext.allowPrivilegeEscalation=false), unrestricted capabilities (container "app" must set securityContext.capabilities.drop=["ALL"]), runAsNonRoot != true (pod or container "app" must set securityContext.runAsNonRoot=true), seccompProfile (pod or container "app" must set securityContext.seccompProfile.type to "RuntimeDefault" or "Localhost")
--------------------------------
Error from server (Forbidden): error when creating "k8s/insecure-manifests/insecure-allimagepullpolicyalways-pod.yaml": pods "insecure-pull-always" is forbidden: violates PodSecurity "restricted:latest": allowPrivilegeEscalation != false (container "app" must set securityContext.allowPrivilegeEscalation=false), unrestricted capabilities (container "app" must set securityContext.capabilities.drop=["ALL"]), runAsNonRoot != true (pod or container "app" must set securityContext.runAsNonRoot=true), seccompProfile (pod or container "app" must set securityContext.seccompProfile.type to "RuntimeDefault" or "Localhost")
--------------------------------
Error from server (Forbidden): error when creating "k8s/insecure-manifests/insecure-alllatesttagusage-pod.yaml": pods "insecure-latest-tag" is forbidden: violates PodSecurity "restricted:latest": allowPrivilegeEscalation != false (container "app" must set securityContext.allowPrivilegeEscalation=false), unrestricted capabilities (container "app" must set securityContext.capabilities.drop=["ALL"]), runAsNonRoot != true (pod or container "app" must set securityContext.runAsNonRoot=true), seccompProfile (pod or container "app" must set securityContext.seccompProfile.type to "RuntimeDefault" or "Localhost")
--------------------------------
Error from server (Forbidden): error when creating "k8s/insecure-manifests/insecure-allnoresourcelimit.yaml": pods "insecure-no-limits" is forbidden: violates PodSecurity "restricted:latest": allowPrivilegeEscalation != false (container "app" must set securityContext.allowPrivilegeEscalation=false), unrestricted capabilities (container "app" must set securityContext.capabilities.drop=["ALL"]), runAsNonRoot != true (pod or container "app" must set securityContext.runAsNonRoot=true), seccompProfile (pod or container "app" must set securityContext.seccompProfile.type to "RuntimeDefault" or "Localhost")
--------------------------------
Error from server (Forbidden): error when creating "k8s/insecure-manifests/insecure-allnosecuritycontextatall-pod.yaml": pods "insecure-no-securitycontext" is forbidden: violates PodSecurity "restricted:latest": allowPrivilegeEscalation != false (container "app" must set securityContext.allowPrivilegeEscalation=false), unrestricted capabilities (container "app" must set securityContext.capabilities.drop=["ALL"]), runAsNonRoot != true (pod or container "app" must set securityContext.runAsNonRoot=true), seccompProfile (pod or container "app" must set securityContext.seccompProfile.type to "RuntimeDefault" or "Localhost")
--------------------------------
Error from server (Forbidden): error when creating "k8s/insecure-manifests/insecure-allprivesca-pods.yaml": pods "insecure-priv-escalation" is forbidden: violates PodSecurity "restricted:latest": allowPrivilegeEscalation != false (container "app" must set securityContext.allowPrivilegeEscalation=false), unrestricted capabilities (container "app" must set securityContext.capabilities.drop=["ALL"]), runAsNonRoot != true (pod or container "app" must set securityContext.runAsNonRoot=true), seccompProfile (pod or container "app" must set securityContext.seccompProfile.type to "RuntimeDefault" or "Localhost")
--------------------------------
Error from server (Forbidden): error when creating "k8s/insecure-manifests/insecure-allpublicuntrustedimage-pod.yaml": pods "insecure-untrusted-image" is forbidden: violates PodSecurity "restricted:latest": allowPrivilegeEscalation != false (container "app" must set securityContext.allowPrivilegeEscalation=false), unrestricted capabilities (container "app" must set securityContext.capabilities.drop=["ALL"]), runAsNonRoot != true (pod or container "app" must set securityContext.runAsNonRoot=true), seccompProfile (pod or container "app" must set securityContext.seccompProfile.type to "RuntimeDefault" or "Localhost")
--------------------------------
role.rbac.authorization.k8s.io/insecure-secret-reader created (server dry run)
--------------------------------
Error from server (Forbidden): error when creating "k8s/insecure-manifests/insecure-allrolewithsecretroletodefaultsa-pod.yaml": admission webhook "validation.gatekeeper.sh" denied the request: [restrict-wildcard-rbac] Binding to default ServiceAccount is forbidden: insecure-secret-binding
--------------------------------
Error from server (Forbidden): error when creating "k8s/insecure-manifests/insecure-allsys_adm-pods.yaml": pods "insecure-cap-sysadmin" is forbidden: violates PodSecurity "restricted:latest": allowPrivilegeEscalation != false (container "app" must set securityContext.allowPrivilegeEscalation=false), unrestricted capabilities (container "app" must set securityContext.capabilities.drop=["ALL"]; container "app" must not include "SYS_ADMIN" in securityContext.capabilities.add), runAsNonRoot != true (pod or container "app" must set securityContext.runAsNonRoot=true), seccompProfile (pod or container "app" must set securityContext.seccompProfile.type to "RuntimeDefault" or "Localhost")
--------------------------------
Error from server (Forbidden): error when creating "k8s/insecure-manifests/insecure-allwritablerootfilesystem-pod.yaml": pods "insecure-write-root" is forbidden: violates PodSecurity "restricted:latest": allowPrivilegeEscalation != false (container "app" must set securityContext.allowPrivilegeEscalation=false), unrestricted capabilities (container "app" must set securityContext.capabilities.drop=["ALL"]), runAsNonRoot != true (pod or container "app" must set securityContext.runAsNonRoot=true), seccompProfile (pod or container "app" must set securityContext.seccompProfile.type to "RuntimeDefault" or "Localhost")
--------------------------------
Error from server (Forbidden): error when creating "k8s/insecure-manifests/insecure-prirunasroot-pods.yaml": pods "insecure-run-as-root" is forbidden: violates PodSecurity "restricted:latest": allowPrivilegeEscalation != false (container "app" must set securityContext.allowPrivilegeEscalation=false), unrestricted capabilities (container "app" must set securityContext.capabilities.drop=["ALL"]), runAsNonRoot != true (pod or container "app" must set securityContext.runAsNonRoot=true), runAsUser=0 (container "app" must not set runAsUser=0), seccompProfile (pod or container "app" must set securityContext.seccompProfile.type to "RuntimeDefault" or "Localhost")
--------------------------------
Error from server (Forbidden): error when creating "k8s/insecure-manifests/insecure-privileged-pods.yaml": pods "privileged-test" is forbidden: violates PodSecurity "restricted:latest": privileged (container "nginx" must not set securityContext.privileged=true), allowPrivilegeEscalation != false (container "nginx" must set securityContext.allowPrivilegeEscalation=false), unrestricted capabilities (container "nginx" must set securityContext.capabilities.drop=["ALL"]), runAsNonRoot != true (pod or container "nginx" must set securityContext.runAsNonRoot=true), seccompProfile (pod or container "nginx" must set securityContext.seccompProfile.type to "RuntimeDefault" or "Localhost")
--------------------------------
error: the namespace from the provided object "baseline" does not match the namespace "hardened". You must pass '--namespace=baseline' to perform this operation.
--------------------------------
